2023-05-07 20:30:11,978 INFO o.a.j.u.JMeterUtils: Setting Locale to en_EN
2023-05-07 20:30:12,017 INFO o.a.j.JMeter: Loading user properties from: /usr/local/Cellar/jmeter/5.5/libexec/bin/user.properties
2023-05-07 20:30:12,018 INFO o.a.j.JMeter: Loading system properties from: /usr/local/Cellar/jmeter/5.5/libexec/bin/system.properties
2023-05-07 20:30:12,027 INFO o.a.j.JMeter: Copyright (c) 1998-2022 The Apache Software Foundation
2023-05-07 20:30:12,027 INFO o.a.j.JMeter: Version 5.5
2023-05-07 20:30:12,027 INFO o.a.j.JMeter: java.version=20.0.1
2023-05-07 20:30:12,027 INFO o.a.j.JMeter: java.vm.name=OpenJDK 64-Bit Server VM
2023-05-07 20:30:12,027 INFO o.a.j.JMeter: os.name=Mac OS X
2023-05-07 20:30:12,027 INFO o.a.j.JMeter: os.arch=x86_64
2023-05-07 20:30:12,027 INFO o.a.j.JMeter: os.version=13.2.1
2023-05-07 20:30:12,027 INFO o.a.j.JMeter: file.encoding=UTF-8
2023-05-07 20:30:12,028 INFO o.a.j.JMeter: java.awt.headless=null
2023-05-07 20:30:12,028 INFO o.a.j.JMeter: Max memory     =1073741824
2023-05-07 20:30:12,028 INFO o.a.j.JMeter: Available Processors =10
2023-05-07 20:30:12,037 INFO o.a.j.JMeter: Default Locale=English (EN)
2023-05-07 20:30:12,038 INFO o.a.j.JMeter: JMeter  Locale=English (EN)
2023-05-07 20:30:12,038 INFO o.a.j.JMeter: JMeterHome=/usr/local/Cellar/jmeter/5.5/libexec
2023-05-07 20:30:12,038 INFO o.a.j.JMeter: user.dir  =/Users/uzairnadeem/Desktop/microservice
2023-05-07 20:30:12,038 INFO o.a.j.JMeter: PWD       =/Users/uzairnadeem/Desktop/microservice
2023-05-07 20:30:12,095 INFO o.a.j.JMeter: IP: 192.168.18.82 Name: UNadeem-MBP FullName: 192.168.18.82
2023-05-07 20:30:12,116 INFO o.a.j.JMeter: Loaded icon properties from org/apache/jmeter/images/icon.properties
2023-05-07 20:30:13,443 INFO o.a.j.JMeterGuiLauncher: Setting LAF to: com.github.weisj.darklaf.DarkLaf:com.github.weisj.darklaf.theme.DarculaTheme
2023-05-07 20:30:18,075 INFO o.j.r.JARSourceHTTP: Requesting https://jmeter-plugins.org/repo/?installID=mac_os_x-c7822457676fe8bab294b300b3c8ebc1-gui
2023-05-07 20:30:21,231 INFO o.j.r.PluginManager: Plugins Status: [jpgc-plugins-manager=1.7, jmeter-core=5.5, jmeter-ftp=5.5, jmeter-http=5.5, jmeter-jdbc=5.5, jmeter-jms=5.5, jmeter-junit=5.5, jmeter-java=5.5, jmeter-ldap=5.5, jmeter-mail=5.5, jmeter-mongodb=5.5, jmeter-native=5.5, jmeter-tcp=5.5, jmeter-components=5.5]
2023-05-07 20:30:21,234 INFO o.j.r.PluginManagerMenuItem: Plugins Manager has upgrades: [jpgc-plugins-manager]
