2023-07-05 07:18:39,746 INFO o.a.j.u.JMeterUtils: Setting Locale to en_EN
2023-07-05 07:18:39,798 INFO o.a.j.JMeter: Loading user properties from: /usr/local/Cellar/jmeter/5.5/libexec/bin/user.properties
2023-07-05 07:18:39,799 INFO o.a.j.JMeter: Loading system properties from: /usr/local/Cellar/jmeter/5.5/libexec/bin/system.properties
2023-07-05 07:18:39,809 INFO o.a.j.JMeter: Copyright (c) 1998-2022 The Apache Software Foundation
2023-07-05 07:18:39,809 INFO o.a.j.JMeter: Version 5.5
2023-07-05 07:18:39,809 INFO o.a.j.JMeter: java.version=20.0.1
2023-07-05 07:18:39,809 INFO o.a.j.JMeter: java.vm.name=OpenJDK 64-Bit Server VM
2023-07-05 07:18:39,809 INFO o.a.j.JMeter: os.name=Mac OS X
2023-07-05 07:18:39,809 INFO o.a.j.JMeter: os.arch=x86_64
2023-07-05 07:18:39,809 INFO o.a.j.JMeter: os.version=13.2.1
2023-07-05 07:18:39,809 INFO o.a.j.JMeter: file.encoding=UTF-8
2023-07-05 07:18:39,810 INFO o.a.j.JMeter: java.awt.headless=null
2023-07-05 07:18:39,810 INFO o.a.j.JMeter: Max memory     =1073741824
2023-07-05 07:18:39,810 INFO o.a.j.JMeter: Available Processors =10
2023-07-05 07:18:39,821 INFO o.a.j.JMeter: Default Locale=English (EN)
2023-07-05 07:18:39,822 INFO o.a.j.JMeter: JMeter  Locale=English (EN)
2023-07-05 07:18:39,822 INFO o.a.j.JMeter: JMeterHome=/usr/local/Cellar/jmeter/5.5/libexec
2023-07-05 07:18:39,822 INFO o.a.j.JMeter: user.dir  =/Users/uzairnadeem/Desktop/Serverless-Fargate/server
2023-07-05 07:18:39,822 INFO o.a.j.JMeter: PWD       =/Users/uzairnadeem/Desktop/Serverless-Fargate/server
2023-07-05 07:18:39,825 INFO o.a.j.JMeter: IP: 192.168.18.82 Name: UNadeem-MBP FullName: 192.168.18.82
2023-07-05 07:18:39,844 INFO o.a.j.JMeter: Loaded icon properties from org/apache/jmeter/images/icon.properties
2023-07-05 07:18:41,229 INFO o.a.j.JMeterGuiLauncher: Setting LAF to: com.github.weisj.darklaf.DarkLaf:com.github.weisj.darklaf.theme.DarculaTheme
2023-07-05 07:18:45,937 INFO o.j.r.JARSourceHTTP: Requesting https://jmeter-plugins.org/repo/?installID=mac_os_x-4cad19da89a7f0ceb376654b24c88113-gui
2023-07-05 07:18:49,279 INFO o.j.r.PluginManager: Plugins Status: [jpgc-plugins-manager=1.7, jmeter-core=5.5, jmeter-ftp=5.5, jmeter-http=5.5, jmeter-jdbc=5.5, jmeter-jms=5.5, jmeter-junit=5.5, jmeter-java=5.5, jmeter-ldap=5.5, jmeter-mail=5.5, jmeter-mongodb=5.5, jmeter-native=5.5, jmeter-tcp=5.5, jmeter-components=5.5]
2023-07-05 07:18:49,285 INFO o.j.r.PluginManagerMenuItem: Plugins Manager has upgrades: [jpgc-plugins-manager]
2023-07-05 07:19:49,298 INFO o.a.j.s.FileServer: Default base='/Users/uzairnadeem/Desktop/Serverless-Fargate/server'
2023-07-05 07:19:49,318 INFO o.a.j.g.a.Load: Loading file: /Users/uzairnadeem/Desktop/jmeter_test/monolith/monolith.jmx
2023-07-05 07:19:49,318 INFO o.a.j.s.FileServer: Set new base='/Users/uzairnadeem/Desktop/jmeter_test/monolith'
2023-07-05 07:19:49,719 INFO o.a.j.s.SaveService: Testplan (JMX) version: 2.2. Testlog (JTL) version: 2.2
2023-07-05 07:19:49,738 INFO o.a.j.s.SaveService: Using SaveService properties version 5.0
2023-07-05 07:19:49,740 INFO o.a.j.s.SaveService: Using SaveService properties file encoding UTF-8
2023-07-05 07:19:49,742 INFO o.a.j.s.SaveService: Loading file: /Users/uzairnadeem/Desktop/jmeter_test/monolith/monolith.jmx
2023-07-05 07:19:49,981 INFO o.a.j.p.h.s.HTTPSamplerBase: Parser for text/html is org.apache.jmeter.protocol.http.parser.LagartoBasedHtmlParser
2023-07-05 07:19:49,981 INFO o.a.j.p.h.s.HTTPSamplerBase: Parser for application/xhtml+xml is org.apache.jmeter.protocol.http.parser.LagartoBasedHtmlParser
2023-07-05 07:19:49,982 INFO o.a.j.p.h.s.HTTPSamplerBase: Parser for application/xml is org.apache.jmeter.protocol.http.parser.LagartoBasedHtmlParser
2023-07-05 07:19:49,982 INFO o.a.j.p.h.s.HTTPSamplerBase: Parser for text/xml is org.apache.jmeter.protocol.http.parser.LagartoBasedHtmlParser
2023-07-05 07:19:49,982 INFO o.a.j.p.h.s.HTTPSamplerBase: Parser for text/vnd.wap.wml is org.apache.jmeter.protocol.http.parser.RegexpHTMLParser
2023-07-05 07:19:49,982 INFO o.a.j.p.h.s.HTTPSamplerBase: Parser for text/css is org.apache.jmeter.protocol.http.parser.CssParser
2023-07-05 07:19:50,411 INFO o.a.j.s.SampleResult: Note: Sample TimeStamps are START times
2023-07-05 07:19:50,412 INFO o.a.j.s.SampleResult: sampleresult.default.encoding is set to ISO-8859-1
2023-07-05 07:19:50,412 INFO o.a.j.s.SampleResult: sampleresult.useNanoTime=true
2023-07-05 07:19:50,412 INFO o.a.j.s.SampleResult: sampleresult.nanoThreadSleep=5000
2023-07-05 07:19:50,618 INFO o.a.j.v.ViewResultsFullVisualizer: Add JavaFX to your Java installation if you want to use renderer: org.apache.jmeter.visualizers.RenderInBrowser
2023-07-05 07:19:51,204 INFO o.a.j.v.ViewResultsFullVisualizer: Add JavaFX to your Java installation if you want to use renderer: org.apache.jmeter.visualizers.RenderInBrowser
2023-07-05 07:19:51,369 INFO o.a.j.v.ViewResultsFullVisualizer: Add JavaFX to your Java installation if you want to use renderer: org.apache.jmeter.visualizers.RenderInBrowser
2023-07-05 07:19:51,560 INFO o.a.j.s.FileServer: Set new base='/Users/uzairnadeem/Desktop/jmeter_test/monolith'
2023-07-05 07:20:36,871 INFO o.a.j.e.StandardJMeterEngine: Running the test!
2023-07-05 07:20:36,880 INFO o.a.j.s.SampleEvent: List of sample_variables: []
2023-07-05 07:20:36,880 INFO o.a.j.s.SampleEvent: List of sample_variables: []
2023-07-05 07:20:36,881 INFO o.a.j.e.u.CompoundVariable: Note: Function class names must contain the string: '.functions.'
2023-07-05 07:20:36,881 INFO o.a.j.e.u.CompoundVariable: Note: Function class names must not contain the string: '.gui.'
2023-07-05 07:20:36,981 INFO o.a.j.g.u.JMeterMenuBar: setRunning(true, *local*)
2023-07-05 07:20:37,151 INFO o.a.j.e.StandardJMeterEngine: Starting ThreadGroup: 1 : Batch
2023-07-05 07:20:37,170 INFO o.a.j.e.StandardJMeterEngine: Starting 25 threads for group Batch.
2023-07-05 07:20:37,173 INFO o.a.j.e.StandardJMeterEngine: Thread will continue on error
2023-07-05 07:20:37,177 INFO o.a.j.t.ThreadGroup: Starting thread group... number=1 threads=25 ramp-up=1 delayedStart=false
2023-07-05 07:20:37,340 INFO o.a.j.t.ThreadGroup: Started thread group number 1
2023-07-05 07:20:37,341 INFO o.a.j.e.StandardJMeterEngine: All thread groups have been started
2023-07-05 07:20:37,321 INFO o.a.j.t.JMeterThread: Thread started: Batch 1-1
2023-07-05 07:20:37,321 INFO o.a.j.t.JMeterThread: Thread started: Batch 1-3
2023-07-05 07:20:37,321 INFO o.a.j.t.JMeterThread: Thread started: Batch 1-2
2023-07-05 07:20:37,321 INFO o.a.j.t.JMeterThread: Thread started: Batch 1-4
2023-07-05 07:20:37,348 INFO o.a.j.t.JMeterThread: Thread started: Batch 1-5
2023-07-05 07:20:37,389 INFO o.a.j.t.JMeterThread: Thread started: Batch 1-6
2023-07-05 07:20:37,430 INFO o.a.j.t.JMeterThread: Thread started: Batch 1-7
2023-07-05 07:20:37,468 INFO o.a.j.t.JMeterThread: Thread started: Batch 1-8
2023-07-05 07:20:37,510 INFO o.a.j.t.JMeterThread: Thread started: Batch 1-9
2023-07-05 07:20:37,539 INFO o.a.j.p.h.s.HTTPHCAbstractImpl: Local host = UNadeem-MBP
2023-07-05 07:20:37,548 INFO o.a.j.t.JMeterThread: Thread started: Batch 1-10
2023-07-05 07:20:37,562 INFO o.a.j.p.h.s.HTTPHC4Impl: HTTP request retry count = 0
2023-07-05 07:20:37,587 INFO o.a.j.t.JMeterThread: Thread started: Batch 1-11
2023-07-05 07:20:37,627 INFO o.a.j.t.JMeterThread: Thread started: Batch 1-12
2023-07-05 07:20:37,663 INFO o.a.j.t.JMeterThread: Thread started: Batch 1-13
2023-07-05 07:20:37,704 INFO o.a.j.t.JMeterThread: Thread started: Batch 1-14
2023-07-05 07:20:37,742 INFO o.a.j.t.JMeterThread: Thread started: Batch 1-15
2023-07-05 07:20:37,785 INFO o.a.j.t.JMeterThread: Thread started: Batch 1-16
2023-07-05 07:20:37,826 INFO o.a.j.t.JMeterThread: Thread started: Batch 1-17
2023-07-05 07:20:37,861 INFO o.a.j.t.JMeterThread: Thread started: Batch 1-18
2023-07-05 07:20:37,903 INFO o.a.j.t.JMeterThread: Thread started: Batch 1-19
2023-07-05 07:20:37,916 INFO o.a.j.t.JMeterThread: Thread is done: Batch 1-9
2023-07-05 07:20:37,917 INFO o.a.j.t.JMeterThread: Thread finished: Batch 1-9
2023-07-05 07:20:37,917 INFO o.a.j.t.JMeterThread: Thread is done: Batch 1-10
2023-07-05 07:20:37,917 INFO o.a.j.t.JMeterThread: Thread is done: Batch 1-13
2023-07-05 07:20:37,917 INFO o.a.j.t.JMeterThread: Thread finished: Batch 1-10
2023-07-05 07:20:37,917 INFO o.a.j.t.JMeterThread: Thread finished: Batch 1-13
2023-07-05 07:20:37,918 INFO o.a.j.t.JMeterThread: Thread is done: Batch 1-8
2023-07-05 07:20:37,918 INFO o.a.j.t.JMeterThread: Thread is done: Batch 1-2
2023-07-05 07:20:37,918 INFO o.a.j.t.JMeterThread: Thread is done: Batch 1-7
2023-07-05 07:20:37,918 INFO o.a.j.t.JMeterThread: Thread finished: Batch 1-8
2023-07-05 07:20:37,918 INFO o.a.j.t.JMeterThread: Thread finished: Batch 1-2
2023-07-05 07:20:37,918 INFO o.a.j.t.JMeterThread: Thread finished: Batch 1-7
2023-07-05 07:20:37,919 INFO o.a.j.t.JMeterThread: Thread is done: Batch 1-5
2023-07-05 07:20:37,919 INFO o.a.j.t.JMeterThread: Thread is done: Batch 1-15
2023-07-05 07:20:37,919 INFO o.a.j.t.JMeterThread: Thread is done: Batch 1-6
2023-07-05 07:20:37,919 INFO o.a.j.t.JMeterThread: Thread is done: Batch 1-12
2023-07-05 07:20:37,919 INFO o.a.j.t.JMeterThread: Thread is done: Batch 1-4
2023-07-05 07:20:37,919 INFO o.a.j.t.JMeterThread: Thread is done: Batch 1-3
2023-07-05 07:20:37,919 INFO o.a.j.t.JMeterThread: Thread is done: Batch 1-18
2023-07-05 07:20:37,919 INFO o.a.j.t.JMeterThread: Thread finished: Batch 1-3
2023-07-05 07:20:37,919 INFO o.a.j.t.JMeterThread: Thread finished: Batch 1-18
2023-07-05 07:20:37,920 INFO o.a.j.t.JMeterThread: Thread finished: Batch 1-4
2023-07-05 07:20:37,919 INFO o.a.j.t.JMeterThread: Thread is done: Batch 1-14
2023-07-05 07:20:37,919 INFO o.a.j.t.JMeterThread: Thread is done: Batch 1-1
2023-07-05 07:20:37,920 INFO o.a.j.t.JMeterThread: Thread finished: Batch 1-14
2023-07-05 07:20:37,920 INFO o.a.j.t.JMeterThread: Thread finished: Batch 1-5
2023-07-05 07:20:37,920 INFO o.a.j.t.JMeterThread: Thread finished: Batch 1-1
2023-07-05 07:20:37,920 INFO o.a.j.t.JMeterThread: Thread finished: Batch 1-12
2023-07-05 07:20:37,919 INFO o.a.j.t.JMeterThread: Thread is done: Batch 1-11
2023-07-05 07:20:37,921 INFO o.a.j.t.JMeterThread: Thread finished: Batch 1-11
2023-07-05 07:20:37,921 INFO o.a.j.t.JMeterThread: Thread finished: Batch 1-6
2023-07-05 07:20:37,919 INFO o.a.j.t.JMeterThread: Thread is done: Batch 1-17
2023-07-05 07:20:37,922 INFO o.a.j.t.JMeterThread: Thread finished: Batch 1-17
2023-07-05 07:20:37,919 INFO o.a.j.t.JMeterThread: Thread is done: Batch 1-16
2023-07-05 07:20:37,922 INFO o.a.j.t.JMeterThread: Thread finished: Batch 1-15
2023-07-05 07:20:37,925 INFO o.a.j.t.JMeterThread: Thread finished: Batch 1-16
2023-07-05 07:20:37,937 INFO o.a.j.t.JMeterThread: Thread is done: Batch 1-19
2023-07-05 07:20:37,943 INFO o.a.j.t.JMeterThread: Thread finished: Batch 1-19
2023-07-05 07:20:37,942 INFO o.a.j.t.JMeterThread: Thread started: Batch 1-20
2023-07-05 07:20:37,956 INFO o.a.j.t.JMeterThread: Thread is done: Batch 1-20
2023-07-05 07:20:37,956 INFO o.a.j.t.JMeterThread: Thread finished: Batch 1-20
2023-07-05 07:20:37,982 INFO o.a.j.t.JMeterThread: Thread started: Batch 1-21
2023-07-05 07:20:37,993 INFO o.a.j.t.JMeterThread: Thread is done: Batch 1-21
2023-07-05 07:20:37,993 INFO o.a.j.t.JMeterThread: Thread finished: Batch 1-21
2023-07-05 07:20:38,031 INFO o.a.j.t.JMeterThread: Thread started: Batch 1-22
2023-07-05 07:20:38,040 INFO o.a.j.t.JMeterThread: Thread is done: Batch 1-22
2023-07-05 07:20:38,041 INFO o.a.j.t.JMeterThread: Thread finished: Batch 1-22
2023-07-05 07:20:38,061 INFO o.a.j.t.JMeterThread: Thread started: Batch 1-23
2023-07-05 07:20:38,068 INFO o.a.j.t.JMeterThread: Thread is done: Batch 1-23
2023-07-05 07:20:38,070 INFO o.a.j.t.JMeterThread: Thread finished: Batch 1-23
2023-07-05 07:20:38,099 INFO o.a.j.t.JMeterThread: Thread started: Batch 1-24
2023-07-05 07:20:38,103 INFO o.a.j.t.JMeterThread: Thread is done: Batch 1-24
2023-07-05 07:20:38,103 INFO o.a.j.t.JMeterThread: Thread finished: Batch 1-24
2023-07-05 07:20:38,142 INFO o.a.j.t.JMeterThread: Thread started: Batch 1-25
2023-07-05 07:20:38,148 INFO o.a.j.t.JMeterThread: Thread is done: Batch 1-25
2023-07-05 07:20:38,148 INFO o.a.j.t.JMeterThread: Thread finished: Batch 1-25
2023-07-05 07:20:38,149 INFO o.a.j.e.StandardJMeterEngine: Notifying test listeners of end of test
2023-07-05 07:20:38,152 INFO o.a.j.g.u.JMeterMenuBar: setRunning(false, *local*)
2023-07-05 07:21:23,171 INFO o.a.j.e.StandardJMeterEngine: Running the test!
2023-07-05 07:21:23,175 INFO o.a.j.s.SampleEvent: List of sample_variables: []
2023-07-05 07:21:23,182 INFO o.a.j.g.u.JMeterMenuBar: setRunning(true, *local*)
2023-07-05 07:21:23,334 INFO o.a.j.e.StandardJMeterEngine: Starting ThreadGroup: 1 : Batch
2023-07-05 07:21:23,363 INFO o.a.j.e.StandardJMeterEngine: Starting 25 threads for group Batch.
2023-07-05 07:21:23,365 INFO o.a.j.e.StandardJMeterEngine: Thread will continue on error
2023-07-05 07:21:23,368 INFO o.a.j.t.ThreadGroup: Starting thread group... number=1 threads=25 ramp-up=1 delayedStart=false
2023-07-05 07:21:23,431 INFO o.a.j.t.JMeterThread: Thread started: Batch 1-1
2023-07-05 07:21:23,437 INFO o.a.j.t.JMeterThread: Thread started: Batch 1-2
2023-07-05 07:21:23,478 INFO o.a.j.t.JMeterThread: Thread started: Batch 1-3
2023-07-05 07:21:23,500 INFO o.a.j.t.ThreadGroup: Started thread group number 1
2023-07-05 07:21:23,501 INFO o.a.j.e.StandardJMeterEngine: All thread groups have been started
2023-07-05 07:21:23,517 INFO o.a.j.t.JMeterThread: Thread started: Batch 1-4
2023-07-05 07:21:23,560 INFO o.a.j.t.JMeterThread: Thread started: Batch 1-5
2023-07-05 07:21:23,604 INFO o.a.j.t.JMeterThread: Thread started: Batch 1-6
2023-07-05 07:21:23,635 INFO o.a.j.t.JMeterThread: Thread started: Batch 1-7
2023-07-05 07:21:23,677 INFO o.a.j.t.JMeterThread: Thread started: Batch 1-8
2023-07-05 07:21:23,715 INFO o.a.j.t.JMeterThread: Thread started: Batch 1-9
2023-07-05 07:21:23,754 INFO o.a.j.t.JMeterThread: Thread started: Batch 1-10
2023-07-05 07:21:23,801 INFO o.a.j.t.JMeterThread: Thread started: Batch 1-11
2023-07-05 07:21:23,831 INFO o.a.j.t.JMeterThread: Thread started: Batch 1-12
2023-07-05 07:21:23,880 INFO o.a.j.t.JMeterThread: Thread started: Batch 1-13
2023-07-05 07:21:23,911 INFO o.a.j.t.JMeterThread: Thread started: Batch 1-14
2023-07-05 07:21:23,952 INFO o.a.j.t.JMeterThread: Thread started: Batch 1-15
2023-07-05 07:21:23,990 INFO o.a.j.t.JMeterThread: Thread started: Batch 1-16
2023-07-05 07:21:24,032 INFO o.a.j.t.JMeterThread: Thread started: Batch 1-17
2023-07-05 07:21:24,072 INFO o.a.j.t.JMeterThread: Thread started: Batch 1-18
2023-07-05 07:21:24,111 INFO o.a.j.t.JMeterThread: Thread started: Batch 1-19
2023-07-05 07:21:24,145 INFO o.a.j.t.JMeterThread: Thread started: Batch 1-20
2023-07-05 07:21:24,214 INFO o.a.j.t.JMeterThread: Thread started: Batch 1-22
2023-07-05 07:21:24,253 INFO o.a.j.t.JMeterThread: Thread started: Batch 1-23
2023-07-05 07:21:24,261 INFO o.a.j.t.JMeterThread: Thread started: Batch 1-21
2023-07-05 07:21:24,294 INFO o.a.j.t.JMeterThread: Thread started: Batch 1-24
2023-07-05 07:21:24,333 INFO o.a.j.t.JMeterThread: Thread started: Batch 1-25
2023-07-05 07:21:25,274 INFO o.a.j.t.JMeterThread: Thread is done: Batch 1-14
2023-07-05 07:21:25,274 INFO o.a.j.t.JMeterThread: Thread is done: Batch 1-3
2023-07-05 07:21:25,274 INFO o.a.j.t.JMeterThread: Thread is done: Batch 1-9
2023-07-05 07:21:25,275 INFO o.a.j.t.JMeterThread: Thread finished: Batch 1-14
2023-07-05 07:21:25,275 INFO o.a.j.t.JMeterThread: Thread is done: Batch 1-15
2023-07-05 07:21:25,275 INFO o.a.j.t.JMeterThread: Thread is done: Batch 1-13
2023-07-05 07:21:25,275 INFO o.a.j.t.JMeterThread: Thread finished: Batch 1-15
2023-07-05 07:21:25,275 INFO o.a.j.t.JMeterThread: Thread finished: Batch 1-3
2023-07-05 07:21:25,275 INFO o.a.j.t.JMeterThread: Thread finished: Batch 1-13
2023-07-05 07:21:25,275 INFO o.a.j.t.JMeterThread: Thread finished: Batch 1-9
2023-07-05 07:21:25,276 INFO o.a.j.t.JMeterThread: Thread is done: Batch 1-2
2023-07-05 07:21:25,276 INFO o.a.j.t.JMeterThread: Thread is done: Batch 1-19
2023-07-05 07:21:25,276 INFO o.a.j.t.JMeterThread: Thread finished: Batch 1-2
2023-07-05 07:21:25,276 INFO o.a.j.t.JMeterThread: Thread finished: Batch 1-19
2023-07-05 07:21:25,276 INFO o.a.j.t.JMeterThread: Thread is done: Batch 1-7
2023-07-05 07:21:25,276 INFO o.a.j.t.JMeterThread: Thread is done: Batch 1-1
2023-07-05 07:21:25,276 INFO o.a.j.t.JMeterThread: Thread finished: Batch 1-7
2023-07-05 07:21:25,276 INFO o.a.j.t.JMeterThread: Thread is done: Batch 1-11
2023-07-05 07:21:25,276 INFO o.a.j.t.JMeterThread: Thread is done: Batch 1-17
2023-07-05 07:21:25,276 INFO o.a.j.t.JMeterThread: Thread is done: Batch 1-5
2023-07-05 07:21:25,276 INFO o.a.j.t.JMeterThread: Thread finished: Batch 1-11
2023-07-05 07:21:25,276 INFO o.a.j.t.JMeterThread: Thread finished: Batch 1-1
2023-07-05 07:21:25,276 INFO o.a.j.t.JMeterThread: Thread is done: Batch 1-18
2023-07-05 07:21:25,276 INFO o.a.j.t.JMeterThread: Thread finished: Batch 1-5
2023-07-05 07:21:25,276 INFO o.a.j.t.JMeterThread: Thread finished: Batch 1-17
2023-07-05 07:21:25,276 INFO o.a.j.t.JMeterThread: Thread finished: Batch 1-18
2023-07-05 07:21:25,287 INFO o.a.j.t.JMeterThread: Thread is done: Batch 1-6
2023-07-05 07:21:25,288 INFO o.a.j.t.JMeterThread: Thread finished: Batch 1-6
2023-07-05 07:21:25,296 INFO o.a.j.t.JMeterThread: Thread is done: Batch 1-12
2023-07-05 07:21:25,296 INFO o.a.j.t.JMeterThread: Thread finished: Batch 1-12
2023-07-05 07:21:25,301 INFO o.a.j.t.JMeterThread: Thread is done: Batch 1-21
2023-07-05 07:21:25,301 INFO o.a.j.t.JMeterThread: Thread finished: Batch 1-21
2023-07-05 07:21:25,307 INFO o.a.j.t.JMeterThread: Thread is done: Batch 1-22
2023-07-05 07:21:25,309 INFO o.a.j.t.JMeterThread: Thread finished: Batch 1-22
2023-07-05 07:21:25,316 INFO o.a.j.t.JMeterThread: Thread is done: Batch 1-24
2023-07-05 07:21:25,316 INFO o.a.j.t.JMeterThread: Thread finished: Batch 1-24
2023-07-05 07:21:25,318 INFO o.a.j.t.JMeterThread: Thread is done: Batch 1-4
2023-07-05 07:21:25,318 INFO o.a.j.t.JMeterThread: Thread finished: Batch 1-4
2023-07-05 07:21:25,333 INFO o.a.j.t.JMeterThread: Thread is done: Batch 1-16
2023-07-05 07:21:25,333 INFO o.a.j.t.JMeterThread: Thread finished: Batch 1-16
2023-07-05 07:21:25,335 INFO o.a.j.t.JMeterThread: Thread is done: Batch 1-8
2023-07-05 07:21:25,335 INFO o.a.j.t.JMeterThread: Thread finished: Batch 1-8
2023-07-05 07:21:25,347 INFO o.a.j.t.JMeterThread: Thread is done: Batch 1-10
2023-07-05 07:21:25,347 INFO o.a.j.t.JMeterThread: Thread finished: Batch 1-10
2023-07-05 07:21:25,352 INFO o.a.j.t.JMeterThread: Thread is done: Batch 1-23
2023-07-05 07:21:25,352 INFO o.a.j.t.JMeterThread: Thread finished: Batch 1-23
2023-07-05 07:21:25,358 INFO o.a.j.t.JMeterThread: Thread is done: Batch 1-20
2023-07-05 07:21:25,358 INFO o.a.j.t.JMeterThread: Thread finished: Batch 1-20
2023-07-05 07:21:25,486 INFO o.a.j.t.JMeterThread: Thread is done: Batch 1-25
2023-07-05 07:21:25,486 INFO o.a.j.t.JMeterThread: Thread finished: Batch 1-25
2023-07-05 07:21:25,487 INFO o.a.j.e.StandardJMeterEngine: Notifying test listeners of end of test
2023-07-05 07:21:25,489 INFO o.a.j.g.u.JMeterMenuBar: setRunning(false, *local*)
2023-07-05 07:27:45,339 INFO o.a.j.e.StandardJMeterEngine: Running the test!
2023-07-05 07:27:45,346 INFO o.a.j.s.SampleEvent: List of sample_variables: []
2023-07-05 07:27:45,352 INFO o.a.j.g.u.JMeterMenuBar: setRunning(true, *local*)
2023-07-05 07:27:45,554 INFO o.a.j.e.StandardJMeterEngine: Starting ThreadGroup: 1 : Batch
2023-07-05 07:27:45,592 INFO o.a.j.e.StandardJMeterEngine: Starting 25 threads for group Batch.
2023-07-05 07:27:45,595 INFO o.a.j.e.StandardJMeterEngine: Thread will continue on error
2023-07-05 07:27:45,598 INFO o.a.j.t.ThreadGroup: Starting thread group... number=1 threads=25 ramp-up=1 delayedStart=false
2023-07-05 07:27:45,665 INFO o.a.j.t.ThreadGroup: Started thread group number 1
2023-07-05 07:27:45,666 INFO o.a.j.e.StandardJMeterEngine: All thread groups have been started
2023-07-05 07:27:45,680 INFO o.a.j.t.JMeterThread: Thread started: Batch 1-2
2023-07-05 07:27:45,675 INFO o.a.j.t.JMeterThread: Thread started: Batch 1-1
2023-07-05 07:27:45,716 INFO o.a.j.t.JMeterThread: Thread started: Batch 1-3
2023-07-05 07:27:45,757 INFO o.a.j.t.JMeterThread: Thread started: Batch 1-4
2023-07-05 07:27:45,799 INFO o.a.j.t.JMeterThread: Thread started: Batch 1-5
2023-07-05 07:27:45,839 INFO o.a.j.t.JMeterThread: Thread started: Batch 1-6
2023-07-05 07:27:45,875 INFO o.a.j.t.JMeterThread: Thread started: Batch 1-7
2023-07-05 07:27:45,915 INFO o.a.j.t.JMeterThread: Thread started: Batch 1-8
2023-07-05 07:27:45,959 INFO o.a.j.t.JMeterThread: Thread started: Batch 1-9
2023-07-05 07:27:45,994 INFO o.a.j.t.JMeterThread: Thread started: Batch 1-10
2023-07-05 07:27:46,036 INFO o.a.j.t.JMeterThread: Thread started: Batch 1-11
2023-07-05 07:27:46,068 INFO o.a.j.t.JMeterThread: Thread started: Batch 1-12
2023-07-05 07:27:46,092 INFO o.a.j.t.JMeterThread: Thread started: Batch 1-13
2023-07-05 07:27:46,131 INFO o.a.j.t.JMeterThread: Thread started: Batch 1-14
2023-07-05 07:27:46,173 INFO o.a.j.t.JMeterThread: Thread started: Batch 1-15
2023-07-05 07:27:46,213 INFO o.a.j.t.JMeterThread: Thread started: Batch 1-16
2023-07-05 07:27:46,253 INFO o.a.j.t.JMeterThread: Thread started: Batch 1-17
2023-07-05 07:27:46,293 INFO o.a.j.t.JMeterThread: Thread started: Batch 1-18
2023-07-05 07:27:46,333 INFO o.a.j.t.JMeterThread: Thread started: Batch 1-19
2023-07-05 07:27:46,373 INFO o.a.j.t.JMeterThread: Thread started: Batch 1-20
2023-07-05 07:27:46,413 INFO o.a.j.t.JMeterThread: Thread started: Batch 1-21
2023-07-05 07:27:46,453 INFO o.a.j.t.JMeterThread: Thread started: Batch 1-22
2023-07-05 07:27:46,493 INFO o.a.j.t.JMeterThread: Thread started: Batch 1-23
2023-07-05 07:27:46,531 INFO o.a.j.t.JMeterThread: Thread started: Batch 1-24
2023-07-05 07:27:46,573 INFO o.a.j.t.JMeterThread: Thread started: Batch 1-25
2023-07-05 07:27:47,936 INFO o.a.j.t.JMeterThread: Thread is done: Batch 1-6
2023-07-05 07:27:47,936 INFO o.a.j.t.JMeterThread: Thread is done: Batch 1-20
2023-07-05 07:27:47,936 INFO o.a.j.t.JMeterThread: Thread is done: Batch 1-25
2023-07-05 07:27:47,936 INFO o.a.j.t.JMeterThread: Thread is done: Batch 1-9
2023-07-05 07:27:47,940 INFO o.a.j.t.JMeterThread: Thread finished: Batch 1-20
2023-07-05 07:27:47,940 INFO o.a.j.t.JMeterThread: Thread finished: Batch 1-6
2023-07-05 07:27:47,940 INFO o.a.j.t.JMeterThread: Thread finished: Batch 1-9
2023-07-05 07:27:47,940 INFO o.a.j.t.JMeterThread: Thread finished: Batch 1-25
2023-07-05 07:27:47,946 INFO o.a.j.t.JMeterThread: Thread is done: Batch 1-21
2023-07-05 07:27:47,946 INFO o.a.j.t.JMeterThread: Thread finished: Batch 1-21
2023-07-05 07:27:47,968 INFO o.a.j.t.JMeterThread: Thread is done: Batch 1-15
2023-07-05 07:27:47,971 INFO o.a.j.t.JMeterThread: Thread finished: Batch 1-15
2023-07-05 07:27:47,973 INFO o.a.j.t.JMeterThread: Thread is done: Batch 1-14
2023-07-05 07:27:47,973 INFO o.a.j.t.JMeterThread: Thread finished: Batch 1-14
2023-07-05 07:27:47,980 INFO o.a.j.t.JMeterThread: Thread is done: Batch 1-8
2023-07-05 07:27:47,980 INFO o.a.j.t.JMeterThread: Thread finished: Batch 1-8
2023-07-05 07:27:47,987 INFO o.a.j.t.JMeterThread: Thread is done: Batch 1-4
2023-07-05 07:27:47,987 INFO o.a.j.t.JMeterThread: Thread finished: Batch 1-4
2023-07-05 07:27:47,996 INFO o.a.j.t.JMeterThread: Thread is done: Batch 1-7
2023-07-05 07:27:47,997 INFO o.a.j.t.JMeterThread: Thread finished: Batch 1-7
2023-07-05 07:27:48,001 INFO o.a.j.t.JMeterThread: Thread is done: Batch 1-10
2023-07-05 07:27:48,001 INFO o.a.j.t.JMeterThread: Thread finished: Batch 1-10
2023-07-05 07:27:48,008 INFO o.a.j.t.JMeterThread: Thread is done: Batch 1-1
2023-07-05 07:27:48,008 INFO o.a.j.t.JMeterThread: Thread is done: Batch 1-17
2023-07-05 07:27:48,008 INFO o.a.j.t.JMeterThread: Thread is done: Batch 1-11
2023-07-05 07:27:48,009 INFO o.a.j.t.JMeterThread: Thread is done: Batch 1-5
2023-07-05 07:27:48,009 INFO o.a.j.t.JMeterThread: Thread finished: Batch 1-17
2023-07-05 07:27:48,009 INFO o.a.j.t.JMeterThread: Thread finished: Batch 1-11
2023-07-05 07:27:48,009 INFO o.a.j.t.JMeterThread: Thread finished: Batch 1-5
2023-07-05 07:27:48,009 INFO o.a.j.t.JMeterThread: Thread finished: Batch 1-1
2023-07-05 07:27:48,016 INFO o.a.j.t.JMeterThread: Thread is done: Batch 1-13
2023-07-05 07:27:48,016 INFO o.a.j.t.JMeterThread: Thread is done: Batch 1-3
2023-07-05 07:27:48,016 INFO o.a.j.t.JMeterThread: Thread is done: Batch 1-18
2023-07-05 07:27:48,016 INFO o.a.j.t.JMeterThread: Thread finished: Batch 1-3
2023-07-05 07:27:48,016 INFO o.a.j.t.JMeterThread: Thread finished: Batch 1-18
2023-07-05 07:27:48,016 INFO o.a.j.t.JMeterThread: Thread finished: Batch 1-13
2023-07-05 07:27:48,025 INFO o.a.j.t.JMeterThread: Thread is done: Batch 1-24
2023-07-05 07:27:48,025 INFO o.a.j.t.JMeterThread: Thread is done: Batch 1-23
2023-07-05 07:27:48,025 INFO o.a.j.t.JMeterThread: Thread finished: Batch 1-24
2023-07-05 07:27:48,025 INFO o.a.j.t.JMeterThread: Thread finished: Batch 1-23
2023-07-05 07:27:48,026 INFO o.a.j.t.JMeterThread: Thread is done: Batch 1-16
2023-07-05 07:27:48,026 INFO o.a.j.t.JMeterThread: Thread finished: Batch 1-16
2023-07-05 07:27:48,028 INFO o.a.j.t.JMeterThread: Thread is done: Batch 1-19
2023-07-05 07:27:48,028 INFO o.a.j.t.JMeterThread: Thread finished: Batch 1-19
2023-07-05 07:27:48,030 INFO o.a.j.t.JMeterThread: Thread is done: Batch 1-12
2023-07-05 07:27:48,030 INFO o.a.j.t.JMeterThread: Thread finished: Batch 1-12
2023-07-05 07:27:48,049 INFO o.a.j.t.JMeterThread: Thread is done: Batch 1-22
2023-07-05 07:27:48,050 INFO o.a.j.t.JMeterThread: Thread finished: Batch 1-22
2023-07-05 07:27:48,063 INFO o.a.j.t.JMeterThread: Thread is done: Batch 1-2
2023-07-05 07:27:48,063 INFO o.a.j.t.JMeterThread: Thread finished: Batch 1-2
2023-07-05 07:27:48,064 INFO o.a.j.e.StandardJMeterEngine: Notifying test listeners of end of test
2023-07-05 07:27:48,065 INFO o.a.j.g.u.JMeterMenuBar: setRunning(false, *local*)
2023-07-05 07:37:13,469 INFO o.a.j.e.StandardJMeterEngine: Running the test!
2023-07-05 07:37:13,473 INFO o.a.j.s.SampleEvent: List of sample_variables: []
2023-07-05 07:37:13,479 INFO o.a.j.g.u.JMeterMenuBar: setRunning(true, *local*)
2023-07-05 07:37:13,651 INFO o.a.j.e.StandardJMeterEngine: Starting ThreadGroup: 1 : Batch
2023-07-05 07:37:13,688 INFO o.a.j.e.StandardJMeterEngine: Starting 25 threads for group Batch.
2023-07-05 07:37:13,693 INFO o.a.j.e.StandardJMeterEngine: Thread will continue on error
2023-07-05 07:37:13,695 INFO o.a.j.t.ThreadGroup: Starting thread group... number=1 threads=25 ramp-up=1 delayedStart=false
2023-07-05 07:37:13,764 INFO o.a.j.t.ThreadGroup: Started thread group number 1
2023-07-05 07:37:13,765 INFO o.a.j.e.StandardJMeterEngine: All thread groups have been started
2023-07-05 07:37:13,776 INFO o.a.j.t.JMeterThread: Thread started: Batch 1-2
2023-07-05 07:37:13,763 INFO o.a.j.t.JMeterThread: Thread started: Batch 1-1
2023-07-05 07:37:13,816 INFO o.a.j.t.JMeterThread: Thread started: Batch 1-3
2023-07-05 07:37:13,854 INFO o.a.j.t.JMeterThread: Thread started: Batch 1-4
2023-07-05 07:37:13,892 INFO o.a.j.t.JMeterThread: Thread started: Batch 1-5
2023-07-05 07:37:13,935 INFO o.a.j.t.JMeterThread: Thread started: Batch 1-6
2023-07-05 07:37:13,975 INFO o.a.j.t.JMeterThread: Thread started: Batch 1-7
2023-07-05 07:37:14,014 INFO o.a.j.t.JMeterThread: Thread started: Batch 1-8
2023-07-05 07:37:14,045 INFO o.a.j.t.JMeterThread: Thread started: Batch 1-9
2023-07-05 07:37:14,087 INFO o.a.j.t.JMeterThread: Thread started: Batch 1-10
2023-07-05 07:37:14,123 INFO o.a.j.t.JMeterThread: Thread started: Batch 1-11
2023-07-05 07:37:14,165 INFO o.a.j.t.JMeterThread: Thread started: Batch 1-12
2023-07-05 07:37:14,198 INFO o.a.j.t.JMeterThread: Thread started: Batch 1-13
2023-07-05 07:37:14,239 INFO o.a.j.t.JMeterThread: Thread started: Batch 1-14
2023-07-05 07:37:14,276 INFO o.a.j.t.JMeterThread: Thread started: Batch 1-15
2023-07-05 07:37:14,321 INFO o.a.j.t.JMeterThread: Thread started: Batch 1-16
2023-07-05 07:37:14,347 INFO o.a.j.t.JMeterThread: Thread started: Batch 1-17
2023-07-05 07:37:14,381 INFO o.a.j.t.JMeterThread: Thread started: Batch 1-18
2023-07-05 07:37:14,419 INFO o.a.j.t.JMeterThread: Thread started: Batch 1-19
2023-07-05 07:37:14,461 INFO o.a.j.t.JMeterThread: Thread started: Batch 1-20
2023-07-05 07:37:14,501 INFO o.a.j.t.JMeterThread: Thread started: Batch 1-21
2023-07-05 07:37:14,542 INFO o.a.j.t.JMeterThread: Thread started: Batch 1-22
2023-07-05 07:37:14,577 INFO o.a.j.t.JMeterThread: Thread started: Batch 1-23
2023-07-05 07:37:14,622 INFO o.a.j.t.JMeterThread: Thread started: Batch 1-24
2023-07-05 07:37:14,661 INFO o.a.j.t.JMeterThread: Thread started: Batch 1-25
2023-07-05 07:37:15,665 INFO o.a.j.t.JMeterThread: Thread is done: Batch 1-20
2023-07-05 07:37:15,665 INFO o.a.j.t.JMeterThread: Thread is done: Batch 1-19
2023-07-05 07:37:15,665 INFO o.a.j.t.JMeterThread: Thread is done: Batch 1-23
2023-07-05 07:37:15,665 INFO o.a.j.t.JMeterThread: Thread is done: Batch 1-7
2023-07-05 07:37:15,665 INFO o.a.j.t.JMeterThread: Thread is done: Batch 1-18
2023-07-05 07:37:15,665 INFO o.a.j.t.JMeterThread: Thread is done: Batch 1-21
2023-07-05 07:37:15,665 INFO o.a.j.t.JMeterThread: Thread is done: Batch 1-22
2023-07-05 07:37:15,665 INFO o.a.j.t.JMeterThread: Thread is done: Batch 1-10
2023-07-05 07:37:15,665 INFO o.a.j.t.JMeterThread: Thread is done: Batch 1-17
2023-07-05 07:37:15,665 INFO o.a.j.t.JMeterThread: Thread is done: Batch 1-5
2023-07-05 07:37:15,666 INFO o.a.j.t.JMeterThread: Thread finished: Batch 1-21
2023-07-05 07:37:15,666 INFO o.a.j.t.JMeterThread: Thread finished: Batch 1-22
2023-07-05 07:37:15,666 INFO o.a.j.t.JMeterThread: Thread finished: Batch 1-7
2023-07-05 07:37:15,666 INFO o.a.j.t.JMeterThread: Thread finished: Batch 1-10
2023-07-05 07:37:15,666 INFO o.a.j.t.JMeterThread: Thread finished: Batch 1-5
2023-07-05 07:37:15,666 INFO o.a.j.t.JMeterThread: Thread finished: Batch 1-17
2023-07-05 07:37:15,667 INFO o.a.j.t.JMeterThread: Thread finished: Batch 1-20
2023-07-05 07:37:15,667 INFO o.a.j.t.JMeterThread: Thread finished: Batch 1-23
2023-07-05 07:37:15,666 INFO o.a.j.t.JMeterThread: Thread finished: Batch 1-18
2023-07-05 07:37:15,667 INFO o.a.j.t.JMeterThread: Thread finished: Batch 1-19
2023-07-05 07:37:15,667 INFO o.a.j.t.JMeterThread: Thread is done: Batch 1-1
2023-07-05 07:37:15,668 INFO o.a.j.t.JMeterThread: Thread finished: Batch 1-1
2023-07-05 07:37:15,673 INFO o.a.j.t.JMeterThread: Thread is done: Batch 1-11
2023-07-05 07:37:15,675 INFO o.a.j.t.JMeterThread: Thread finished: Batch 1-11
2023-07-05 07:37:15,677 INFO o.a.j.t.JMeterThread: Thread is done: Batch 1-2
2023-07-05 07:37:15,679 INFO o.a.j.t.JMeterThread: Thread finished: Batch 1-2
2023-07-05 07:37:15,680 INFO o.a.j.t.JMeterThread: Thread is done: Batch 1-14
2023-07-05 07:37:15,680 INFO o.a.j.t.JMeterThread: Thread finished: Batch 1-14
2023-07-05 07:37:15,688 INFO o.a.j.t.JMeterThread: Thread is done: Batch 1-3
2023-07-05 07:37:15,689 INFO o.a.j.t.JMeterThread: Thread finished: Batch 1-3
2023-07-05 07:37:15,692 INFO o.a.j.t.JMeterThread: Thread is done: Batch 1-25
2023-07-05 07:37:15,692 INFO o.a.j.t.JMeterThread: Thread finished: Batch 1-25
2023-07-05 07:37:15,695 INFO o.a.j.t.JMeterThread: Thread is done: Batch 1-24
2023-07-05 07:37:15,695 INFO o.a.j.t.JMeterThread: Thread finished: Batch 1-24
2023-07-05 07:37:15,707 INFO o.a.j.t.JMeterThread: Thread is done: Batch 1-4
2023-07-05 07:37:15,707 INFO o.a.j.t.JMeterThread: Thread finished: Batch 1-4
2023-07-05 07:37:15,714 INFO o.a.j.t.JMeterThread: Thread is done: Batch 1-8
2023-07-05 07:37:15,715 INFO o.a.j.t.JMeterThread: Thread finished: Batch 1-8
2023-07-05 07:37:15,722 INFO o.a.j.t.JMeterThread: Thread is done: Batch 1-13
2023-07-05 07:37:15,722 INFO o.a.j.t.JMeterThread: Thread finished: Batch 1-13
2023-07-05 07:37:15,729 INFO o.a.j.t.JMeterThread: Thread is done: Batch 1-12
2023-07-05 07:37:15,730 INFO o.a.j.t.JMeterThread: Thread finished: Batch 1-12
2023-07-05 07:37:15,752 INFO o.a.j.t.JMeterThread: Thread is done: Batch 1-16
2023-07-05 07:37:15,752 INFO o.a.j.t.JMeterThread: Thread is done: Batch 1-9
2023-07-05 07:37:15,754 INFO o.a.j.t.JMeterThread: Thread finished: Batch 1-16
2023-07-05 07:37:15,754 INFO o.a.j.t.JMeterThread: Thread finished: Batch 1-9
2023-07-05 07:37:15,767 INFO o.a.j.t.JMeterThread: Thread is done: Batch 1-6
2023-07-05 07:37:15,768 INFO o.a.j.t.JMeterThread: Thread finished: Batch 1-6
2023-07-05 07:37:15,809 INFO o.a.j.t.JMeterThread: Thread is done: Batch 1-15
2023-07-05 07:37:15,809 INFO o.a.j.t.JMeterThread: Thread finished: Batch 1-15
2023-07-05 07:37:15,809 INFO o.a.j.e.StandardJMeterEngine: Notifying test listeners of end of test
2023-07-05 07:37:15,811 INFO o.a.j.g.u.JMeterMenuBar: setRunning(false, *local*)
2023-07-05 07:39:30,650 INFO o.a.j.e.StandardJMeterEngine: Running the test!
2023-07-05 07:39:30,668 INFO o.a.j.s.SampleEvent: List of sample_variables: []
2023-07-05 07:39:30,673 INFO o.a.j.g.u.JMeterMenuBar: setRunning(true, *local*)
2023-07-05 07:39:30,951 INFO o.a.j.e.StandardJMeterEngine: Starting ThreadGroup: 1 : Batch
2023-07-05 07:39:31,005 INFO o.a.j.e.StandardJMeterEngine: Starting 25 threads for group Batch.
2023-07-05 07:39:31,009 INFO o.a.j.e.StandardJMeterEngine: Thread will continue on error
2023-07-05 07:39:31,011 INFO o.a.j.t.ThreadGroup: Starting thread group... number=1 threads=25 ramp-up=1 delayedStart=false
2023-07-05 07:39:31,087 INFO o.a.j.t.ThreadGroup: Started thread group number 1
2023-07-05 07:39:31,088 INFO o.a.j.e.StandardJMeterEngine: All thread groups have been started
2023-07-05 07:39:31,097 INFO o.a.j.t.JMeterThread: Thread started: Batch 1-2
2023-07-05 07:39:31,091 INFO o.a.j.t.JMeterThread: Thread started: Batch 1-1
2023-07-05 07:39:31,140 INFO o.a.j.t.JMeterThread: Thread started: Batch 1-3
2023-07-05 07:39:31,175 INFO o.a.j.t.JMeterThread: Thread started: Batch 1-4
2023-07-05 07:39:31,219 INFO o.a.j.t.JMeterThread: Thread started: Batch 1-5
2023-07-05 07:39:31,253 INFO o.a.j.t.JMeterThread: Thread started: Batch 1-6
2023-07-05 07:39:31,292 INFO o.a.j.t.JMeterThread: Thread started: Batch 1-7
2023-07-05 07:39:31,331 INFO o.a.j.t.JMeterThread: Thread started: Batch 1-8
2023-07-05 07:39:31,372 INFO o.a.j.t.JMeterThread: Thread started: Batch 1-9
2023-07-05 07:39:31,413 INFO o.a.j.t.JMeterThread: Thread started: Batch 1-10
2023-07-05 07:39:31,455 INFO o.a.j.t.JMeterThread: Thread started: Batch 1-11
2023-07-05 07:39:31,493 INFO o.a.j.t.JMeterThread: Thread started: Batch 1-12
2023-07-05 07:39:31,536 INFO o.a.j.t.JMeterThread: Thread started: Batch 1-13
2023-07-05 07:39:31,550 INFO o.a.j.t.JMeterThread: Thread started: Batch 1-14
2023-07-05 07:39:31,593 INFO o.a.j.t.JMeterThread: Thread started: Batch 1-15
2023-07-05 07:39:31,634 INFO o.a.j.t.JMeterThread: Thread started: Batch 1-16
2023-07-05 07:39:31,673 INFO o.a.j.t.JMeterThread: Thread started: Batch 1-17
2023-07-05 07:39:31,712 INFO o.a.j.t.JMeterThread: Thread started: Batch 1-18
2023-07-05 07:39:31,752 INFO o.a.j.t.JMeterThread: Thread started: Batch 1-19
2023-07-05 07:39:31,791 INFO o.a.j.t.JMeterThread: Thread started: Batch 1-20
2023-07-05 07:39:31,825 INFO o.a.j.t.JMeterThread: Thread started: Batch 1-21
2023-07-05 07:39:31,866 INFO o.a.j.t.JMeterThread: Thread started: Batch 1-22
2023-07-05 07:39:31,907 INFO o.a.j.t.JMeterThread: Thread started: Batch 1-23
2023-07-05 07:39:31,946 INFO o.a.j.t.JMeterThread: Thread started: Batch 1-24
2023-07-05 07:39:31,982 INFO o.a.j.t.JMeterThread: Thread started: Batch 1-25
2023-07-05 07:39:35,198 INFO o.a.j.t.JMeterThread: Thread is done: Batch 1-13
2023-07-05 07:39:35,197 INFO o.a.j.t.JMeterThread: Thread is done: Batch 1-7
2023-07-05 07:39:35,198 INFO o.a.j.t.JMeterThread: Thread is done: Batch 1-14
2023-07-05 07:39:35,197 INFO o.a.j.t.JMeterThread: Thread is done: Batch 1-11
2023-07-05 07:39:35,197 INFO o.a.j.t.JMeterThread: Thread is done: Batch 1-2
2023-07-05 07:39:35,198 INFO o.a.j.t.JMeterThread: Thread is done: Batch 1-21
2023-07-05 07:39:35,198 INFO o.a.j.t.JMeterThread: Thread is done: Batch 1-10
2023-07-05 07:39:35,197 INFO o.a.j.t.JMeterThread: Thread is done: Batch 1-18
2023-07-05 07:39:35,197 INFO o.a.j.t.JMeterThread: Thread is done: Batch 1-15
2023-07-05 07:39:35,198 INFO o.a.j.t.JMeterThread: Thread is done: Batch 1-20
2023-07-05 07:39:35,197 INFO o.a.j.t.JMeterThread: Thread is done: Batch 1-22
2023-07-05 07:39:35,199 INFO o.a.j.t.JMeterThread: Thread is done: Batch 1-23
2023-07-05 07:39:35,197 INFO o.a.j.t.JMeterThread: Thread is done: Batch 1-9
2023-07-05 07:39:35,197 INFO o.a.j.t.JMeterThread: Thread is done: Batch 1-5
2023-07-05 07:39:35,199 INFO o.a.j.t.JMeterThread: Thread is done: Batch 1-24
2023-07-05 07:39:35,198 INFO o.a.j.t.JMeterThread: Thread is done: Batch 1-12
2023-07-05 07:39:35,200 INFO o.a.j.t.JMeterThread: Thread finished: Batch 1-11
2023-07-05 07:39:35,200 INFO o.a.j.t.JMeterThread: Thread finished: Batch 1-22
2023-07-05 07:39:35,200 INFO o.a.j.t.JMeterThread: Thread finished: Batch 1-12
2023-07-05 07:39:35,200 INFO o.a.j.t.JMeterThread: Thread finished: Batch 1-24
2023-07-05 07:39:35,200 INFO o.a.j.t.JMeterThread: Thread finished: Batch 1-20
2023-07-05 07:39:35,200 INFO o.a.j.t.JMeterThread: Thread finished: Batch 1-10
2023-07-05 07:39:35,200 INFO o.a.j.t.JMeterThread: Thread finished: Batch 1-5
2023-07-05 07:39:35,200 INFO o.a.j.t.JMeterThread: Thread finished: Batch 1-9
2023-07-05 07:39:35,200 INFO o.a.j.t.JMeterThread: Thread finished: Batch 1-23
2023-07-05 07:39:35,200 INFO o.a.j.t.JMeterThread: Thread finished: Batch 1-15
2023-07-05 07:39:35,201 INFO o.a.j.t.JMeterThread: Thread finished: Batch 1-21
2023-07-05 07:39:35,201 INFO o.a.j.t.JMeterThread: Thread finished: Batch 1-18
2023-07-05 07:39:35,201 INFO o.a.j.t.JMeterThread: Thread finished: Batch 1-2
2023-07-05 07:39:35,201 INFO o.a.j.t.JMeterThread: Thread finished: Batch 1-13
2023-07-05 07:39:35,201 INFO o.a.j.t.JMeterThread: Thread finished: Batch 1-14
2023-07-05 07:39:35,198 INFO o.a.j.t.JMeterThread: Thread is done: Batch 1-8
2023-07-05 07:39:35,201 INFO o.a.j.t.JMeterThread: Thread finished: Batch 1-8
2023-07-05 07:39:35,201 INFO o.a.j.t.JMeterThread: Thread finished: Batch 1-7
2023-07-05 07:39:35,221 INFO o.a.j.t.JMeterThread: Thread is done: Batch 1-17
2023-07-05 07:39:35,221 INFO o.a.j.t.JMeterThread: Thread is done: Batch 1-4
2023-07-05 07:39:35,222 INFO o.a.j.t.JMeterThread: Thread finished: Batch 1-4
2023-07-05 07:39:35,222 INFO o.a.j.t.JMeterThread: Thread finished: Batch 1-17
2023-07-05 07:39:35,264 INFO o.a.j.t.JMeterThread: Thread is done: Batch 1-6
2023-07-05 07:39:35,264 INFO o.a.j.t.JMeterThread: Thread finished: Batch 1-6
2023-07-05 07:39:47,563 INFO o.a.j.t.JMeterThread: Thread is done: Batch 1-1
2023-07-05 07:39:47,564 INFO o.a.j.t.JMeterThread: Thread finished: Batch 1-1
2023-07-05 07:39:47,660 INFO o.a.j.t.JMeterThread: Thread is done: Batch 1-16
2023-07-05 07:39:47,660 INFO o.a.j.t.JMeterThread: Thread is done: Batch 1-3
2023-07-05 07:39:47,660 INFO o.a.j.t.JMeterThread: Thread finished: Batch 1-16
2023-07-05 07:39:47,660 INFO o.a.j.t.JMeterThread: Thread finished: Batch 1-3
2023-07-05 07:39:47,660 INFO o.a.j.t.JMeterThread: Thread is done: Batch 1-19
2023-07-05 07:39:47,661 INFO o.a.j.t.JMeterThread: Thread finished: Batch 1-19
2023-07-05 07:39:47,702 INFO o.a.j.t.JMeterThread: Thread is done: Batch 1-25
2023-07-05 07:39:47,702 INFO o.a.j.t.JMeterThread: Thread finished: Batch 1-25
2023-07-05 07:39:47,703 INFO o.a.j.e.StandardJMeterEngine: Notifying test listeners of end of test
2023-07-05 07:39:47,705 INFO o.a.j.g.u.JMeterMenuBar: setRunning(false, *local*)
2023-07-05 07:41:34,989 INFO o.a.j.e.StandardJMeterEngine: Running the test!
2023-07-05 07:41:35,000 INFO o.a.j.s.SampleEvent: List of sample_variables: []
2023-07-05 07:41:35,012 INFO o.a.j.g.u.JMeterMenuBar: setRunning(true, *local*)
2023-07-05 07:41:35,179 INFO o.a.j.e.StandardJMeterEngine: Starting ThreadGroup: 1 : Batch
2023-07-05 07:41:35,222 INFO o.a.j.e.StandardJMeterEngine: Starting 50 threads for group Batch.
2023-07-05 07:41:35,226 INFO o.a.j.e.StandardJMeterEngine: Thread will continue on error
2023-07-05 07:41:35,229 INFO o.a.j.t.ThreadGroup: Starting thread group... number=1 threads=50 ramp-up=1 delayedStart=false
2023-07-05 07:41:35,343 INFO o.a.j.t.ThreadGroup: Started thread group number 1
2023-07-05 07:41:35,346 INFO o.a.j.e.StandardJMeterEngine: All thread groups have been started
2023-07-05 07:41:35,338 INFO o.a.j.t.JMeterThread: Thread started: Batch 1-4
2023-07-05 07:41:35,370 INFO o.a.j.t.JMeterThread: Thread started: Batch 1-5
2023-07-05 07:41:35,333 INFO o.a.j.t.JMeterThread: Thread started: Batch 1-2
2023-07-05 07:41:35,333 INFO o.a.j.t.JMeterThread: Thread started: Batch 1-1
2023-07-05 07:41:35,333 INFO o.a.j.t.JMeterThread: Thread started: Batch 1-3
2023-07-05 07:41:35,385 INFO o.a.j.t.JMeterThread: Thread started: Batch 1-6
2023-07-05 07:41:35,401 INFO o.a.j.t.JMeterThread: Thread started: Batch 1-7
2023-07-05 07:41:35,424 INFO o.a.j.t.JMeterThread: Thread started: Batch 1-8
2023-07-05 07:41:35,442 INFO o.a.j.t.JMeterThread: Thread started: Batch 1-9
2023-07-05 07:41:35,461 INFO o.a.j.t.JMeterThread: Thread started: Batch 1-10
2023-07-05 07:41:35,477 INFO o.a.j.t.JMeterThread: Thread started: Batch 1-11
2023-07-05 07:41:35,501 INFO o.a.j.t.JMeterThread: Thread started: Batch 1-12
2023-07-05 07:41:35,519 INFO o.a.j.t.JMeterThread: Thread started: Batch 1-13
2023-07-05 07:41:35,536 INFO o.a.j.t.JMeterThread: Thread started: Batch 1-14
2023-07-05 07:41:35,556 INFO o.a.j.t.JMeterThread: Thread started: Batch 1-15
2023-07-05 07:41:35,576 INFO o.a.j.t.JMeterThread: Thread started: Batch 1-16
2023-07-05 07:41:35,595 INFO o.a.j.t.JMeterThread: Thread started: Batch 1-17
2023-07-05 07:41:35,610 INFO o.a.j.t.JMeterThread: Thread started: Batch 1-18
2023-07-05 07:41:35,632 INFO o.a.j.t.JMeterThread: Thread started: Batch 1-19
2023-07-05 07:41:35,653 INFO o.a.j.t.JMeterThread: Thread started: Batch 1-20
2023-07-05 07:41:35,669 INFO o.a.j.t.JMeterThread: Thread started: Batch 1-21
2023-07-05 07:41:35,695 INFO o.a.j.t.JMeterThread: Thread started: Batch 1-22
2023-07-05 07:41:35,728 INFO o.a.j.t.JMeterThread: Thread started: Batch 1-23
2023-07-05 07:41:35,735 INFO o.a.j.t.JMeterThread: Thread started: Batch 1-24
2023-07-05 07:41:35,763 INFO o.a.j.t.JMeterThread: Thread started: Batch 1-25
2023-07-05 07:41:35,778 INFO o.a.j.t.JMeterThread: Thread started: Batch 1-26
2023-07-05 07:41:35,792 INFO o.a.j.t.JMeterThread: Thread started: Batch 1-27
2023-07-05 07:41:35,811 INFO o.a.j.t.JMeterThread: Thread started: Batch 1-28
2023-07-05 07:41:35,832 INFO o.a.j.t.JMeterThread: Thread started: Batch 1-29
2023-07-05 07:41:35,854 INFO o.a.j.t.JMeterThread: Thread started: Batch 1-30
2023-07-05 07:41:35,872 INFO o.a.j.t.JMeterThread: Thread started: Batch 1-31
2023-07-05 07:41:35,893 INFO o.a.j.t.JMeterThread: Thread started: Batch 1-32
2023-07-05 07:41:35,911 INFO o.a.j.t.JMeterThread: Thread started: Batch 1-33
2023-07-05 07:41:35,928 INFO o.a.j.t.JMeterThread: Thread started: Batch 1-34
2023-07-05 07:41:35,952 INFO o.a.j.t.JMeterThread: Thread started: Batch 1-35
2023-07-05 07:41:35,966 INFO o.a.j.t.JMeterThread: Thread started: Batch 1-36
2023-07-05 07:41:35,988 INFO o.a.j.t.JMeterThread: Thread started: Batch 1-37
2023-07-05 07:41:36,006 INFO o.a.j.t.JMeterThread: Thread started: Batch 1-38
2023-07-05 07:41:36,030 INFO o.a.j.t.JMeterThread: Thread started: Batch 1-39
2023-07-05 07:41:36,051 INFO o.a.j.t.JMeterThread: Thread started: Batch 1-40
2023-07-05 07:41:36,069 INFO o.a.j.t.JMeterThread: Thread started: Batch 1-41
2023-07-05 07:41:36,086 INFO o.a.j.t.JMeterThread: Thread started: Batch 1-42
2023-07-05 07:41:36,110 INFO o.a.j.t.JMeterThread: Thread started: Batch 1-43
2023-07-05 07:41:36,125 INFO o.a.j.t.JMeterThread: Thread started: Batch 1-44
2023-07-05 07:41:36,136 INFO o.a.j.t.JMeterThread: Thread started: Batch 1-46
2023-07-05 07:41:36,147 INFO o.a.j.t.JMeterThread: Thread started: Batch 1-45
2023-07-05 07:41:36,152 INFO o.a.j.t.JMeterThread: Thread started: Batch 1-47
2023-07-05 07:41:36,175 INFO o.a.j.t.JMeterThread: Thread started: Batch 1-48
2023-07-05 07:41:36,190 INFO o.a.j.t.JMeterThread: Thread started: Batch 1-49
2023-07-05 07:41:36,211 INFO o.a.j.t.JMeterThread: Thread started: Batch 1-50
2023-07-05 07:41:39,532 INFO o.a.j.t.JMeterThread: Thread is done: Batch 1-4
2023-07-05 07:41:39,531 INFO o.a.j.t.JMeterThread: Thread is done: Batch 1-5
2023-07-05 07:41:39,532 INFO o.a.j.t.JMeterThread: Thread is done: Batch 1-14
2023-07-05 07:41:39,532 INFO o.a.j.t.JMeterThread: Thread is done: Batch 1-21
2023-07-05 07:41:39,532 INFO o.a.j.t.JMeterThread: Thread is done: Batch 1-22
2023-07-05 07:41:39,532 INFO o.a.j.t.JMeterThread: Thread is done: Batch 1-2
2023-07-05 07:41:39,532 INFO o.a.j.t.JMeterThread: Thread is done: Batch 1-10
2023-07-05 07:41:39,531 INFO o.a.j.t.JMeterThread: Thread is done: Batch 1-7
2023-07-05 07:41:39,533 INFO o.a.j.t.JMeterThread: Thread is done: Batch 1-3
2023-07-05 07:41:39,537 INFO o.a.j.t.JMeterThread: Thread finished: Batch 1-3
2023-07-05 07:41:39,536 INFO o.a.j.t.JMeterThread: Thread finished: Batch 1-14
2023-07-05 07:41:39,532 INFO o.a.j.t.JMeterThread: Thread is done: Batch 1-39
2023-07-05 07:41:39,533 INFO o.a.j.t.JMeterThread: Thread is done: Batch 1-1
2023-07-05 07:41:39,533 INFO o.a.j.t.JMeterThread: Thread is done: Batch 1-24
2023-07-05 07:41:39,531 INFO o.a.j.t.JMeterThread: Thread is done: Batch 1-26
2023-07-05 07:41:39,537 INFO o.a.j.t.JMeterThread: Thread finished: Batch 1-24
2023-07-05 07:41:39,533 INFO o.a.j.t.JMeterThread: Thread is done: Batch 1-19
2023-07-05 07:41:39,531 INFO o.a.j.t.JMeterThread: Thread is done: Batch 1-17
2023-07-05 07:41:39,532 INFO o.a.j.t.JMeterThread: Thread is done: Batch 1-15
2023-07-05 07:41:39,537 INFO o.a.j.t.JMeterThread: Thread finished: Batch 1-26
2023-07-05 07:41:39,537 INFO o.a.j.t.JMeterThread: Thread finished: Batch 1-17
2023-07-05 07:41:39,532 INFO o.a.j.t.JMeterThread: Thread is done: Batch 1-16
2023-07-05 07:41:39,537 INFO o.a.j.t.JMeterThread: Thread finished: Batch 1-15
2023-07-05 07:41:39,531 INFO o.a.j.t.JMeterThread: Thread is done: Batch 1-13
2023-07-05 07:41:39,531 INFO o.a.j.t.JMeterThread: Thread is done: Batch 1-23
2023-07-05 07:41:39,531 INFO o.a.j.t.JMeterThread: Thread is done: Batch 1-8
2023-07-05 07:41:39,537 INFO o.a.j.t.JMeterThread: Thread finished: Batch 1-13
2023-07-05 07:41:39,537 INFO o.a.j.t.JMeterThread: Thread finished: Batch 1-23
2023-07-05 07:41:39,532 INFO o.a.j.t.JMeterThread: Thread is done: Batch 1-9
2023-07-05 07:41:39,537 INFO o.a.j.t.JMeterThread: Thread finished: Batch 1-8
2023-07-05 07:41:39,536 INFO o.a.j.t.JMeterThread: Thread finished: Batch 1-2
2023-07-05 07:41:39,537 INFO o.a.j.t.JMeterThread: Thread finished: Batch 1-16
2023-07-05 07:41:39,537 INFO o.a.j.t.JMeterThread: Thread finished: Batch 1-19
2023-07-05 07:41:39,537 INFO o.a.j.t.JMeterThread: Thread finished: Batch 1-1
2023-07-05 07:41:39,536 INFO o.a.j.t.JMeterThread: Thread finished: Batch 1-7
2023-07-05 07:41:39,536 INFO o.a.j.t.JMeterThread: Thread finished: Batch 1-21
2023-07-05 07:41:39,537 INFO o.a.j.t.JMeterThread: Thread finished: Batch 1-39
2023-07-05 07:41:39,536 INFO o.a.j.t.JMeterThread: Thread finished: Batch 1-5
2023-07-05 07:41:39,536 INFO o.a.j.t.JMeterThread: Thread finished: Batch 1-22
2023-07-05 07:41:39,537 INFO o.a.j.t.JMeterThread: Thread finished: Batch 1-9
2023-07-05 07:41:39,537 INFO o.a.j.t.JMeterThread: Thread finished: Batch 1-10
2023-07-05 07:41:39,537 INFO o.a.j.t.JMeterThread: Thread finished: Batch 1-4
2023-07-05 07:41:39,558 INFO o.a.j.t.JMeterThread: Thread is done: Batch 1-34
2023-07-05 07:41:39,557 INFO o.a.j.t.JMeterThread: Thread is done: Batch 1-42
2023-07-05 07:41:39,557 INFO o.a.j.t.JMeterThread: Thread is done: Batch 1-6
2023-07-05 07:41:39,558 INFO o.a.j.t.JMeterThread: Thread is done: Batch 1-12
2023-07-05 07:41:39,557 INFO o.a.j.t.JMeterThread: Thread is done: Batch 1-25
2023-07-05 07:41:39,558 INFO o.a.j.t.JMeterThread: Thread is done: Batch 1-11
2023-07-05 07:41:39,567 INFO o.a.j.t.JMeterThread: Thread finished: Batch 1-11
2023-07-05 07:41:39,567 INFO o.a.j.t.JMeterThread: Thread finished: Batch 1-34
2023-07-05 07:41:39,567 INFO o.a.j.t.JMeterThread: Thread finished: Batch 1-42
2023-07-05 07:41:39,567 INFO o.a.j.t.JMeterThread: Thread finished: Batch 1-25
2023-07-05 07:41:39,567 INFO o.a.j.t.JMeterThread: Thread finished: Batch 1-12
2023-07-05 07:41:39,567 INFO o.a.j.t.JMeterThread: Thread finished: Batch 1-6
2023-07-05 07:41:51,930 INFO o.a.j.t.JMeterThread: Thread is done: Batch 1-28
2023-07-05 07:41:51,930 INFO o.a.j.t.JMeterThread: Thread is done: Batch 1-49
2023-07-05 07:41:51,932 INFO o.a.j.t.JMeterThread: Thread is done: Batch 1-43
2023-07-05 07:41:51,934 INFO o.a.j.t.JMeterThread: Thread finished: Batch 1-28
2023-07-05 07:41:51,935 INFO o.a.j.t.JMeterThread: Thread finished: Batch 1-43
2023-07-05 07:41:51,935 INFO o.a.j.t.JMeterThread: Thread finished: Batch 1-49
2023-07-05 07:41:51,940 INFO o.a.j.t.JMeterThread: Thread is done: Batch 1-37
2023-07-05 07:41:51,941 INFO o.a.j.t.JMeterThread: Thread finished: Batch 1-37
2023-07-05 07:41:51,949 INFO o.a.j.t.JMeterThread: Thread is done: Batch 1-32
2023-07-05 07:41:51,949 INFO o.a.j.t.JMeterThread: Thread finished: Batch 1-32
2023-07-05 07:41:51,949 INFO o.a.j.t.JMeterThread: Thread is done: Batch 1-40
2023-07-05 07:41:51,949 INFO o.a.j.t.JMeterThread: Thread finished: Batch 1-40
2023-07-05 07:41:51,968 INFO o.a.j.t.JMeterThread: Thread is done: Batch 1-44
2023-07-05 07:41:51,968 INFO o.a.j.t.JMeterThread: Thread finished: Batch 1-44
2023-07-05 07:41:51,975 INFO o.a.j.t.JMeterThread: Thread is done: Batch 1-18
2023-07-05 07:41:51,975 INFO o.a.j.t.JMeterThread: Thread finished: Batch 1-18
2023-07-05 07:41:52,128 INFO o.a.j.t.JMeterThread: Thread is done: Batch 1-41
2023-07-05 07:41:52,128 INFO o.a.j.t.JMeterThread: Thread finished: Batch 1-41
2023-07-05 07:41:52,153 INFO o.a.j.t.JMeterThread: Thread is done: Batch 1-31
2023-07-05 07:41:52,153 INFO o.a.j.t.JMeterThread: Thread is done: Batch 1-45
2023-07-05 07:41:52,154 INFO o.a.j.t.JMeterThread: Thread is done: Batch 1-36
2023-07-05 07:41:52,154 INFO o.a.j.t.JMeterThread: Thread finished: Batch 1-31
2023-07-05 07:41:52,154 INFO o.a.j.t.JMeterThread: Thread finished: Batch 1-45
2023-07-05 07:41:52,154 INFO o.a.j.t.JMeterThread: Thread finished: Batch 1-36
2023-07-05 07:41:52,157 INFO o.a.j.t.JMeterThread: Thread is done: Batch 1-33
2023-07-05 07:41:52,157 INFO o.a.j.t.JMeterThread: Thread finished: Batch 1-33
2023-07-05 07:41:52,158 INFO o.a.j.t.JMeterThread: Thread is done: Batch 1-46
2023-07-05 07:41:52,158 INFO o.a.j.t.JMeterThread: Thread finished: Batch 1-46
2023-07-05 07:41:52,159 INFO o.a.j.t.JMeterThread: Thread is done: Batch 1-30
2023-07-05 07:41:52,159 INFO o.a.j.t.JMeterThread: Thread finished: Batch 1-30
2023-07-05 07:41:52,179 INFO o.a.j.t.JMeterThread: Thread is done: Batch 1-47
2023-07-05 07:41:52,179 INFO o.a.j.t.JMeterThread: Thread is done: Batch 1-50
2023-07-05 07:41:52,179 INFO o.a.j.t.JMeterThread: Thread finished: Batch 1-47
2023-07-05 07:41:52,179 INFO o.a.j.t.JMeterThread: Thread finished: Batch 1-50
2023-07-05 07:41:52,182 INFO o.a.j.t.JMeterThread: Thread is done: Batch 1-38
2023-07-05 07:41:52,182 INFO o.a.j.t.JMeterThread: Thread finished: Batch 1-38
2023-07-05 07:41:52,185 INFO o.a.j.t.JMeterThread: Thread is done: Batch 1-29
2023-07-05 07:41:52,186 INFO o.a.j.t.JMeterThread: Thread is done: Batch 1-48
2023-07-05 07:41:52,185 INFO o.a.j.t.JMeterThread: Thread is done: Batch 1-27
2023-07-05 07:41:52,186 INFO o.a.j.t.JMeterThread: Thread finished: Batch 1-29
2023-07-05 07:41:52,186 INFO o.a.j.t.JMeterThread: Thread finished: Batch 1-48
2023-07-05 07:41:52,186 INFO o.a.j.t.JMeterThread: Thread finished: Batch 1-27
2023-07-05 07:41:52,186 INFO o.a.j.t.JMeterThread: Thread is done: Batch 1-20
2023-07-05 07:41:52,186 INFO o.a.j.t.JMeterThread: Thread finished: Batch 1-20
2023-07-05 07:41:52,195 INFO o.a.j.t.JMeterThread: Thread is done: Batch 1-35
2023-07-05 07:41:52,196 INFO o.a.j.t.JMeterThread: Thread finished: Batch 1-35
2023-07-05 07:41:52,197 INFO o.a.j.e.StandardJMeterEngine: Notifying test listeners of end of test
2023-07-05 07:41:52,199 INFO o.a.j.g.u.JMeterMenuBar: setRunning(false, *local*)
2023-07-05 07:42:41,279 INFO o.a.j.e.StandardJMeterEngine: Running the test!
2023-07-05 07:42:41,286 INFO o.a.j.s.SampleEvent: List of sample_variables: []
2023-07-05 07:42:41,296 INFO o.a.j.g.u.JMeterMenuBar: setRunning(true, *local*)
2023-07-05 07:42:41,483 INFO o.a.j.e.StandardJMeterEngine: Starting ThreadGroup: 1 : Batch
2023-07-05 07:42:41,525 INFO o.a.j.e.StandardJMeterEngine: Starting 50 threads for group Batch.
2023-07-05 07:42:41,532 INFO o.a.j.e.StandardJMeterEngine: Thread will continue on error
2023-07-05 07:42:41,536 INFO o.a.j.t.ThreadGroup: Starting thread group... number=1 threads=50 ramp-up=1 delayedStart=false
2023-07-05 07:42:41,651 INFO o.a.j.t.ThreadGroup: Started thread group number 1
2023-07-05 07:42:41,652 INFO o.a.j.e.StandardJMeterEngine: All thread groups have been started
2023-07-05 07:42:41,645 INFO o.a.j.t.JMeterThread: Thread started: Batch 1-4
2023-07-05 07:42:41,645 INFO o.a.j.t.JMeterThread: Thread started: Batch 1-2
2023-07-05 07:42:41,661 INFO o.a.j.t.JMeterThread: Thread started: Batch 1-5
2023-07-05 07:42:41,645 INFO o.a.j.t.JMeterThread: Thread started: Batch 1-1
2023-07-05 07:42:41,645 INFO o.a.j.t.JMeterThread: Thread started: Batch 1-3
2023-07-05 07:42:41,682 INFO o.a.j.t.JMeterThread: Thread started: Batch 1-6
2023-07-05 07:42:41,697 INFO o.a.j.t.JMeterThread: Thread started: Batch 1-7
2023-07-05 07:42:41,720 INFO o.a.j.t.JMeterThread: Thread started: Batch 1-8
2023-07-05 07:42:41,740 INFO o.a.j.t.JMeterThread: Thread started: Batch 1-9
2023-07-05 07:42:41,757 INFO o.a.j.t.JMeterThread: Thread started: Batch 1-10
2023-07-05 07:42:41,781 INFO o.a.j.t.JMeterThread: Thread started: Batch 1-11
2023-07-05 07:42:41,796 INFO o.a.j.t.JMeterThread: Thread started: Batch 1-12
2023-07-05 07:42:41,818 INFO o.a.j.t.JMeterThread: Thread started: Batch 1-13
2023-07-05 07:42:41,834 INFO o.a.j.t.JMeterThread: Thread started: Batch 1-14
2023-07-05 07:42:41,855 INFO o.a.j.t.JMeterThread: Thread started: Batch 1-15
2023-07-05 07:42:41,872 INFO o.a.j.t.JMeterThread: Thread started: Batch 1-16
2023-07-05 07:42:41,890 INFO o.a.j.t.JMeterThread: Thread started: Batch 1-17
2023-07-05 07:42:41,914 INFO o.a.j.t.JMeterThread: Thread started: Batch 1-18
2023-07-05 07:42:41,935 INFO o.a.j.t.JMeterThread: Thread started: Batch 1-19
2023-07-05 07:42:41,950 INFO o.a.j.t.JMeterThread: Thread started: Batch 1-20
2023-07-05 07:42:41,970 INFO o.a.j.t.JMeterThread: Thread started: Batch 1-21
2023-07-05 07:42:41,986 INFO o.a.j.t.JMeterThread: Thread started: Batch 1-22
2023-07-05 07:42:42,006 INFO o.a.j.t.JMeterThread: Thread started: Batch 1-23
2023-07-05 07:42:42,025 INFO o.a.j.t.JMeterThread: Thread started: Batch 1-24
2023-07-05 07:42:42,046 INFO o.a.j.t.JMeterThread: Thread started: Batch 1-25
2023-07-05 07:42:42,066 INFO o.a.j.t.JMeterThread: Thread started: Batch 1-26
2023-07-05 07:42:42,068 INFO o.a.j.t.JMeterThread: Thread started: Batch 1-27
2023-07-05 07:42:42,083 INFO o.a.j.t.JMeterThread: Thread started: Batch 1-28
2023-07-05 07:42:42,102 INFO o.a.j.t.JMeterThread: Thread started: Batch 1-29
2023-07-05 07:42:42,123 INFO o.a.j.t.JMeterThread: Thread started: Batch 1-30
2023-07-05 07:42:42,143 INFO o.a.j.t.JMeterThread: Thread started: Batch 1-31
2023-07-05 07:42:42,162 INFO o.a.j.t.JMeterThread: Thread started: Batch 1-32
2023-07-05 07:42:42,180 INFO o.a.j.t.JMeterThread: Thread started: Batch 1-33
2023-07-05 07:42:42,200 INFO o.a.j.t.JMeterThread: Thread started: Batch 1-34
2023-07-05 07:42:42,225 INFO o.a.j.t.JMeterThread: Thread started: Batch 1-35
2023-07-05 07:42:42,243 INFO o.a.j.t.JMeterThread: Thread started: Batch 1-36
2023-07-05 07:42:42,264 INFO o.a.j.t.JMeterThread: Thread started: Batch 1-37
2023-07-05 07:42:42,281 INFO o.a.j.t.JMeterThread: Thread started: Batch 1-38
2023-07-05 07:42:42,304 INFO o.a.j.t.JMeterThread: Thread started: Batch 1-39
2023-07-05 07:42:42,323 INFO o.a.j.t.JMeterThread: Thread started: Batch 1-40
2023-07-05 07:42:42,344 INFO o.a.j.t.JMeterThread: Thread started: Batch 1-41
2023-07-05 07:42:42,363 INFO o.a.j.t.JMeterThread: Thread started: Batch 1-42
2023-07-05 07:42:42,384 INFO o.a.j.t.JMeterThread: Thread started: Batch 1-43
2023-07-05 07:42:42,404 INFO o.a.j.t.JMeterThread: Thread started: Batch 1-44
2023-07-05 07:42:42,419 INFO o.a.j.t.JMeterThread: Thread started: Batch 1-45
2023-07-05 07:42:42,441 INFO o.a.j.t.JMeterThread: Thread started: Batch 1-46
2023-07-05 07:42:42,463 INFO o.a.j.t.JMeterThread: Thread started: Batch 1-47
2023-07-05 07:42:42,481 INFO o.a.j.t.JMeterThread: Thread started: Batch 1-48
2023-07-05 07:42:42,503 INFO o.a.j.t.JMeterThread: Thread started: Batch 1-49
2023-07-05 07:42:42,523 INFO o.a.j.t.JMeterThread: Thread started: Batch 1-50
2023-07-05 07:42:46,363 INFO o.a.j.t.JMeterThread: Thread is done: Batch 1-29
2023-07-05 07:42:46,363 INFO o.a.j.t.JMeterThread: Thread is done: Batch 1-19
2023-07-05 07:42:46,363 INFO o.a.j.t.JMeterThread: Thread is done: Batch 1-40
2023-07-05 07:42:46,363 INFO o.a.j.t.JMeterThread: Thread is done: Batch 1-28
2023-07-05 07:42:46,363 INFO o.a.j.t.JMeterThread: Thread is done: Batch 1-32
2023-07-05 07:42:46,362 INFO o.a.j.t.JMeterThread: Thread is done: Batch 1-50
2023-07-05 07:42:46,364 INFO o.a.j.t.JMeterThread: Thread finished: Batch 1-28
2023-07-05 07:42:46,363 INFO o.a.j.t.JMeterThread: Thread is done: Batch 1-41
2023-07-05 07:42:46,364 INFO o.a.j.t.JMeterThread: Thread finished: Batch 1-41
2023-07-05 07:42:46,364 INFO o.a.j.t.JMeterThread: Thread is done: Batch 1-2
2023-07-05 07:42:46,364 INFO o.a.j.t.JMeterThread: Thread finished: Batch 1-2
2023-07-05 07:42:46,364 INFO o.a.j.t.JMeterThread: Thread is done: Batch 1-43
2023-07-05 07:42:46,364 INFO o.a.j.t.JMeterThread: Thread finished: Batch 1-43
2023-07-05 07:42:46,364 INFO o.a.j.t.JMeterThread: Thread is done: Batch 1-14
2023-07-05 07:42:46,364 INFO o.a.j.t.JMeterThread: Thread is done: Batch 1-36
2023-07-05 07:42:46,364 INFO o.a.j.t.JMeterThread: Thread finished: Batch 1-14
2023-07-05 07:42:46,364 INFO o.a.j.t.JMeterThread: Thread finished: Batch 1-36
2023-07-05 07:42:46,364 INFO o.a.j.t.JMeterThread: Thread is done: Batch 1-4
2023-07-05 07:42:46,364 INFO o.a.j.t.JMeterThread: Thread is done: Batch 1-3
2023-07-05 07:42:46,364 INFO o.a.j.t.JMeterThread: Thread finished: Batch 1-4
2023-07-05 07:42:46,364 INFO o.a.j.t.JMeterThread: Thread finished: Batch 1-3
2023-07-05 07:42:46,363 INFO o.a.j.t.JMeterThread: Thread is done: Batch 1-18
2023-07-05 07:42:46,364 INFO o.a.j.t.JMeterThread: Thread finished: Batch 1-18
2023-07-05 07:42:46,365 INFO o.a.j.t.JMeterThread: Thread is done: Batch 1-21
2023-07-05 07:42:46,365 INFO o.a.j.t.JMeterThread: Thread finished: Batch 1-21
2023-07-05 07:42:46,365 INFO o.a.j.t.JMeterThread: Thread is done: Batch 1-34
2023-07-05 07:42:46,362 INFO o.a.j.t.JMeterThread: Thread is done: Batch 1-11
2023-07-05 07:42:46,365 INFO o.a.j.t.JMeterThread: Thread finished: Batch 1-34
2023-07-05 07:42:46,365 INFO o.a.j.t.JMeterThread: Thread finished: Batch 1-40
2023-07-05 07:42:46,365 INFO o.a.j.t.JMeterThread: Thread finished: Batch 1-11
2023-07-05 07:42:46,365 INFO o.a.j.t.JMeterThread: Thread is done: Batch 1-42
2023-07-05 07:42:46,365 INFO o.a.j.t.JMeterThread: Thread is done: Batch 1-31
2023-07-05 07:42:46,365 INFO o.a.j.t.JMeterThread: Thread finished: Batch 1-42
2023-07-05 07:42:46,362 INFO o.a.j.t.JMeterThread: Thread is done: Batch 1-13
2023-07-05 07:42:46,365 INFO o.a.j.t.JMeterThread: Thread finished: Batch 1-29
2023-07-05 07:42:46,365 INFO o.a.j.t.JMeterThread: Thread finished: Batch 1-50
2023-07-05 07:42:46,365 INFO o.a.j.t.JMeterThread: Thread is done: Batch 1-5
2023-07-05 07:42:46,365 INFO o.a.j.t.JMeterThread: Thread finished: Batch 1-31
2023-07-05 07:42:46,365 INFO o.a.j.t.JMeterThread: Thread finished: Batch 1-5
2023-07-05 07:42:46,365 INFO o.a.j.t.JMeterThread: Thread finished: Batch 1-13
2023-07-05 07:42:46,365 INFO o.a.j.t.JMeterThread: Thread finished: Batch 1-19
2023-07-05 07:42:46,365 INFO o.a.j.t.JMeterThread: Thread finished: Batch 1-32
2023-07-05 07:42:46,365 INFO o.a.j.t.JMeterThread: Thread is done: Batch 1-45
2023-07-05 07:42:46,365 INFO o.a.j.t.JMeterThread: Thread is done: Batch 1-25
2023-07-05 07:42:46,365 INFO o.a.j.t.JMeterThread: Thread finished: Batch 1-45
2023-07-05 07:42:46,365 INFO o.a.j.t.JMeterThread: Thread is done: Batch 1-10
2023-07-05 07:42:46,365 INFO o.a.j.t.JMeterThread: Thread finished: Batch 1-25
2023-07-05 07:42:46,365 INFO o.a.j.t.JMeterThread: Thread is done: Batch 1-7
2023-07-05 07:42:46,365 INFO o.a.j.t.JMeterThread: Thread finished: Batch 1-7
2023-07-05 07:42:46,365 INFO o.a.j.t.JMeterThread: Thread is done: Batch 1-20
2023-07-05 07:42:46,365 INFO o.a.j.t.JMeterThread: Thread finished: Batch 1-20
2023-07-05 07:42:46,365 INFO o.a.j.t.JMeterThread: Thread is done: Batch 1-16
2023-07-05 07:42:46,365 INFO o.a.j.t.JMeterThread: Thread finished: Batch 1-16
2023-07-05 07:42:46,365 INFO o.a.j.t.JMeterThread: Thread is done: Batch 1-17
2023-07-05 07:42:46,365 INFO o.a.j.t.JMeterThread: Thread is done: Batch 1-35
2023-07-05 07:42:46,365 INFO o.a.j.t.JMeterThread: Thread finished: Batch 1-17
2023-07-05 07:42:46,365 INFO o.a.j.t.JMeterThread: Thread finished: Batch 1-35
2023-07-05 07:42:46,365 INFO o.a.j.t.JMeterThread: Thread is done: Batch 1-23
2023-07-05 07:42:46,365 INFO o.a.j.t.JMeterThread: Thread finished: Batch 1-23
2023-07-05 07:42:46,366 INFO o.a.j.t.JMeterThread: Thread is done: Batch 1-9
2023-07-05 07:42:46,366 INFO o.a.j.t.JMeterThread: Thread finished: Batch 1-9
2023-07-05 07:42:46,366 INFO o.a.j.t.JMeterThread: Thread is done: Batch 1-24
2023-07-05 07:42:46,366 INFO o.a.j.t.JMeterThread: Thread finished: Batch 1-24
2023-07-05 07:42:46,366 INFO o.a.j.t.JMeterThread: Thread is done: Batch 1-44
2023-07-05 07:42:46,366 INFO o.a.j.t.JMeterThread: Thread finished: Batch 1-44
2023-07-05 07:42:46,366 INFO o.a.j.t.JMeterThread: Thread is done: Batch 1-26
2023-07-05 07:42:46,366 INFO o.a.j.t.JMeterThread: Thread finished: Batch 1-26
2023-07-05 07:42:46,367 INFO o.a.j.t.JMeterThread: Thread finished: Batch 1-10
2023-07-05 07:42:46,365 INFO o.a.j.t.JMeterThread: Thread is done: Batch 1-37
2023-07-05 07:42:46,367 INFO o.a.j.t.JMeterThread: Thread finished: Batch 1-37
2023-07-05 07:42:46,380 INFO o.a.j.t.JMeterThread: Thread is done: Batch 1-33
2023-07-05 07:42:46,380 INFO o.a.j.t.JMeterThread: Thread is done: Batch 1-49
2023-07-05 07:42:46,380 INFO o.a.j.t.JMeterThread: Thread finished: Batch 1-33
2023-07-05 07:42:46,380 INFO o.a.j.t.JMeterThread: Thread finished: Batch 1-49
2023-07-05 07:42:46,380 INFO o.a.j.t.JMeterThread: Thread is done: Batch 1-46
2023-07-05 07:42:46,380 INFO o.a.j.t.JMeterThread: Thread finished: Batch 1-46
2023-07-05 07:42:46,380 INFO o.a.j.t.JMeterThread: Thread is done: Batch 1-48
2023-07-05 07:42:46,380 INFO o.a.j.t.JMeterThread: Thread finished: Batch 1-48
2023-07-05 07:42:46,380 INFO o.a.j.t.JMeterThread: Thread is done: Batch 1-1
2023-07-05 07:42:46,381 INFO o.a.j.t.JMeterThread: Thread finished: Batch 1-1
2023-07-05 07:42:46,417 INFO o.a.j.t.JMeterThread: Thread is done: Batch 1-12
2023-07-05 07:42:46,417 INFO o.a.j.t.JMeterThread: Thread finished: Batch 1-12
2023-07-05 07:43:45,567 INFO o.a.j.t.JMeterThread: Thread is done: Batch 1-38
2023-07-05 07:43:45,567 INFO o.a.j.t.JMeterThread: Thread is done: Batch 1-27
2023-07-05 07:43:45,567 INFO o.a.j.t.JMeterThread: Thread is done: Batch 1-47
2023-07-05 07:43:45,567 INFO o.a.j.t.JMeterThread: Thread is done: Batch 1-15
2023-07-05 07:43:45,568 INFO o.a.j.t.JMeterThread: Thread is done: Batch 1-22
2023-07-05 07:43:45,568 INFO o.a.j.t.JMeterThread: Thread is done: Batch 1-39
2023-07-05 07:43:45,568 INFO o.a.j.t.JMeterThread: Thread is done: Batch 1-6
2023-07-05 07:43:45,572 INFO o.a.j.t.JMeterThread: Thread finished: Batch 1-39
2023-07-05 07:43:45,572 INFO o.a.j.t.JMeterThread: Thread finished: Batch 1-22
2023-07-05 07:43:45,572 INFO o.a.j.t.JMeterThread: Thread finished: Batch 1-38
2023-07-05 07:43:45,572 INFO o.a.j.t.JMeterThread: Thread finished: Batch 1-47
2023-07-05 07:43:45,572 INFO o.a.j.t.JMeterThread: Thread finished: Batch 1-6
2023-07-05 07:43:45,572 INFO o.a.j.t.JMeterThread: Thread finished: Batch 1-27
2023-07-05 07:43:45,572 INFO o.a.j.t.JMeterThread: Thread finished: Batch 1-15
2023-07-05 07:43:45,593 INFO o.a.j.t.JMeterThread: Thread is done: Batch 1-8
2023-07-05 07:43:45,594 INFO o.a.j.t.JMeterThread: Thread is done: Batch 1-30
2023-07-05 07:43:45,594 INFO o.a.j.t.JMeterThread: Thread finished: Batch 1-30
2023-07-05 07:43:45,594 INFO o.a.j.t.JMeterThread: Thread finished: Batch 1-8
2023-07-05 07:43:45,596 INFO o.a.j.e.StandardJMeterEngine: Notifying test listeners of end of test
2023-07-05 07:43:45,599 INFO o.a.j.g.u.JMeterMenuBar: setRunning(false, *local*)
